epiInfo/build/outputs/logs/manifest-merger-debug-report.txt
-- Merging decision tree log ---
manifest
ADDED from src/main/AndroidManifest.xml:2:1-154:12
	package
		ADDED from src/main/AndroidManifest.xml:3:5-30
		INJECTED from src/main/AndroidManifest.xml
		INJECTED from src/main/AndroidManifest.xml
	android:versionName
		ADDED from src/main/AndroidManifest.xml:5:5-33
		INJECTED from src/main/AndroidManifest.xml
		INJECTED from src/main/AndroidManifest.xml
	android:versionCode
		ADDED from src/main/AndroidManifest.xml:4:5-29
		INJECTED from src/main/AndroidManifest.xml
		INJECTED from src/main/AndroidManifest.xml
	xmlns:android
		ADDED from src/main/AndroidManifest.xml:2:11-69
uses-sdk
ADDED from src/main/AndroidManifest.xml:7:5-9:41
MERGED from [EpiInfo:main:unspecified] AndroidManifest.xml:24:5-26:41
MERGED from [EpiInfo:oAuthActivity:unspecified] AndroidManifest.xml:5:5-7:41
MERGED from [com.google.android.gms:play-services:10.0.1] AndroidManifest.xml:4:5-42
MERGED from [com.google.android.gms:play-services-ads:10.0.1] AndroidManifest.xml:17:5-42
MERGED from [com.google.android.gms:play-services-ads-lite:10.0.1] AndroidManifest.xml:22:5-42
MERGED from [com.google.android.gms:play-services-basement:10.0.1] AndroidManifest.xml:17:5-42
MERGED from [com.android.support:support-v4:24.0.0] AndroidManifest.xml:21:5-23:54
MERGED from [com.google.android.gms:play-services-base:10.0.1] AndroidManifest.xml:17:5-42
MERGED from [com.google.android.gms:play-services-tasks:10.0.1] AndroidManifest.xml:3:5-42
MERGED from [com.google.android.gms:play-services-clearcut:10.0.1] AndroidManifest.xml:17:5-42
MERGED from [com.google.android.gms:play-services-gass:10.0.1] AndroidManifest.xml:3:5-42
MERGED from [com.google.android.gms:play-services-analytics:10.0.1] AndroidManifest.xml:17:5-42
MERGED from [com.google.android.gms:play-services-analytics-impl:10.0.1] AndroidManifest.xml:17:5-42
MERGED from [com.google.android.gms:play-services-tagmanager-v4-impl:10.0.1] AndroidManifest.xml:17:5-42
MERGED from [com.google.android.gms:play-services-appinvite:10.0.1] AndroidManifest.xml:17:5-42
MERGED from [com.google.android.gms:play-services-auth:10.0.1] AndroidManifest.xml:17:5-42
MERGED from [com.google.android.gms:play-services-auth-base:10.0.1] AndroidManifest.xml:4:5-42
MERGED from [com.google.android.gms:play-services-cast-framework:10.0.1] AndroidManifest.xml:3:5-42
MERGED from [com.google.android.gms:play-services-cast:10.0.1] AndroidManifest.xml:17:5-42
MERGED from [com.android.support:mediarouter-v7:24.0.0] AndroidManifest.xml:20:5-43
MERGED from [com.android.support:palette-v7:24.0.0] AndroidManifest.xml:20:5-43
MERGED from [com.android.support:appcompat-v7:24.0.0] AndroidManifest.xml:21:5-23:78
MERGED from [com.android.support:support-vector-drawable:24.0.0] AndroidManifest.xml:21:5-43
MERGED from [com.android.support:animated-vector-drawable:24.0.0] AndroidManifest.xml:20:5-44
MERGED from [com.google.firebase:firebase-config:10.0.1] AndroidManifest.xml:17:5-42
MERGED from [com.google.firebase:firebase-iid:10.0.1] AndroidManifest.xml:17:5-42
MERGED from [com.google.firebase:firebase-common:10.0.1] AndroidManifest.xml:3:5-42
MERGED from [com.google.android.gms:play-services-awareness:10.0.1] AndroidManifest.xml:17:5-42
MERGED from [com.google.android.gms:play-services-location:10.0.1] AndroidManifest.xml:3:5-42
MERGED from [com.google.android.gms:play-services-places:10.0.1] AndroidManifest.xml:17:5-42
MERGED from [com.google.android.gms:play-services-maps:10.0.1] AndroidManifest.xml:23:5-42
MERGED from [com.google.firebase:firebase-crash:10.0.1] AndroidManifest.xml:20:5-42
MERGED from [com.google.firebase:firebase-analytics:10.0.1] AndroidManifest.xml:17:5-42
MERGED from [com.google.firebase:firebase-analytics-impl:10.0.1] AndroidManifest.xml:17:5-42
MERGED from [com.google.android.gms:play-services-drive:10.0.1] AndroidManifest.xml:17:5-42
MERGED from [com.google.firebase:firebase-auth:10.0.1] AndroidManifest.xml:17:5-42
MERGED from [com.google.firebase:firebase-database-connection:10.0.1] AndroidManifest.xml:3:5-42
MERGED from [com.google.firebase:firebase-database:10.0.1] AndroidManifest.xml:3:5-42
MERGED from [com.google.firebase:firebase-messaging:10.0.1] AndroidManifest.xml:17:5-42
MERGED from [com.google.firebase:firebase-storage:10.0.1] AndroidManifest.xml:3:5-42
MERGED from [com.google.firebase:firebase-storage-common:10.0.1] AndroidManifest.xml:3:5-42
MERGED from [com.google.android.gms:play-services-fitness:10.0.1] AndroidManifest.xml:17:5-42
MERGED from [com.google.android.gms:play-services-games:10.0.1] AndroidManifest.xml:17:5-42
MERGED from [com.google.android.gms:play-services-gcm:10.0.1] AndroidManifest.xml:17:5-42
MERGED from [com.google.android.gms:play-services-iid:10.0.1] AndroidManifest.xml:17:5-42
MERGED from [com.google.firebase:firebase-appindexing:10.0.1] AndroidManifest.xml:17:5-42
MERGED from [com.google.android.gms:play-services-identity:10.0.1] AndroidManifest.xml:17:5-42
MERGED from [com.google.android.gms:play-services-instantapps:10.0.1] AndroidManifest.xml:3:5-42
MERGED from [com.google.android.gms:play-services-nearby:10.0.1] AndroidManifest.xml:3:5-42
MERGED from [com.google.android.gms:play-services-panorama:10.0.1] AndroidManifest.xml:17:5-42
MERGED from [com.google.android.gms:play-services-plus:10.0.1] AndroidManifest.xml:17:5-42
MERGED from [com.google.android.gms:play-services-safetynet:10.0.1] AndroidManifest.xml:17:5-42
MERGED from [com.google.android.gms:play-services-tagmanager-api:10.0.1] AndroidManifest.xml:17:5-42
MERGED from [com.google.android.gms:play-services-tagmanager:10.0.1] AndroidManifest.xml:17:5-42
MERGED from [com.google.android.gms:play-services-vision:10.0.1] AndroidManifest.xml:3:5-42
MERGED from [com.google.android.gms:play-services-wallet:10.0.1] AndroidManifest.xml:18:5-42
MERGED from [com.google.android.gms:play-services-wearable:10.0.1] AndroidManifest.xml:17:5-42
	tools:overrideLibrary
		ADDED from [com.android.support:support-v4:24.0.0] AndroidManifest.xml:23:9-51
	android:targetSdkVersion
		ADDED from src/main/AndroidManifest.xml:9:9-38
		INJECTED from src/main/AndroidManifest.xml
		INJECTED from src/main/AndroidManifest.xml
	android:minSdkVersion
		ADDED from src/main/AndroidManifest.xml:8:9-35
		INJECTED from src/main/AndroidManifest.xml
		INJECTED from src/main/AndroidManifest.xml
permission#gov.cdc.epiinfo.permission.MAPS_RECEIVE
ADDED from src/main/AndroidManifest.xml:11:5-13:47
	android:protectionLevel
		ADDED from src/main/AndroidManifest.xml:13:9-44
	android:name
		ADDED from src/main/AndroidManifest.xml:12:9-63
uses-permission#gov.cdc.epiinfo.permission.MAPS_RECEIVE
ADDED from src/main/AndroidManifest.xml:15:5-79
	android:name
		ADDED from src/main/AndroidManifest.xml:15:22-76
uses-permission#android.permission.WRITE_EXTERNAL_STORAGE
ADDED from src/main/AndroidManifest.xml:16:5-81
	android:name
		ADDED from src/main/AndroidManifest.xml:16:22-78
uses-permission#android.permission.ACCESS_COARSE_LOCATION
ADDED from src/main/AndroidManifest.xml:17:5-81
	android:name
		ADDED from src/main/AndroidManifest.xml:17:22-78
uses-permission#android.permission.ACCESS_FINE_LOCATION
ADDED from src/main/AndroidManifest.xml:18:5-79
	android:name
		ADDED from src/main/AndroidManifest.xml:18:22-76
uses-permission#android.permission.INTERNET
ADDED from src/main/AndroidManifest.xml:19:5-67
MERGED from [EpiInfo:oAuthActivity:unspecified] AndroidManifest.xml:9:5-67
MERGED from [com.google.android.gms:play-services-ads-lite:10.0.1] AndroidManifest.xml:19:5-66
MERGED from [com.google.android.gms:play-services-analytics:10.0.1] AndroidManifest.xml:20:5-66
MERGED from [com.google.android.gms:play-services-analytics-impl:10.0.1] AndroidManifest.xml:20:5-66
MERGED from [com.google.android.gms:play-services-appinvite:10.0.1] AndroidManifest.xml:18:5-66
MERGED from [com.google.firebase:firebase-iid:10.0.1] AndroidManifest.xml:20:5-66
MERGED from [com.google.android.gms:play-services-maps:10.0.1] AndroidManifest.xml:20:5-66
MERGED from [com.google.firebase:firebase-crash:10.0.1] AndroidManifest.xml:18:5-66
MERGED from [com.google.firebase:firebase-analytics:10.0.1] AndroidManifest.xml:20:5-66
MERGED from [com.google.firebase:firebase-analytics-impl:10.0.1] AndroidManifest.xml:20:5-66
MERGED from [com.google.android.gms:play-services-gcm:10.0.1] AndroidManifest.xml:21:5-66
MERGED from [com.google.android.gms:play-services-iid:10.0.1] AndroidManifest.xml:21:5-66
MERGED from [com.google.android.gms:play-services-tagmanager-api:10.0.1] AndroidManifest.xml:20:5-66
	android:name
		ADDED from src/main/AndroidManifest.xml:19:22-64
uses-permission#android.permission.CAMERA
ADDED from src/main/AndroidManifest.xml:20:5-65
	android:name
		ADDED from src/main/AndroidManifest.xml:20:22-62
uses-permission#android.permission.ACCESS_NETWORK_STATE
ADDED from src/main/AndroidManifest.xml:21:5-79
MERGED from [EpiInfo:oAuthActivity:unspecified] AndroidManifest.xml:10:5-79
MERGED from [com.google.android.gms:play-services-ads-lite:10.0.1] AndroidManifest.xml:20:5-78
MERGED from [com.google.android.gms:play-services-analytics:10.0.1] AndroidManifest.xml:21:5-78
MERGED from [com.google.android.gms:play-services-analytics-impl:10.0.1] AndroidManifest.xml:21:5-78
MERGED from [com.google.firebase:firebase-iid:10.0.1] AndroidManifest.xml:19:5-78
MERGED from [com.google.android.gms:play-services-maps:10.0.1] AndroidManifest.xml:19:5-78
MERGED from [com.google.firebase:firebase-analytics:10.0.1] AndroidManifest.xml:21:5-78
MERGED from [com.google.firebase:firebase-analytics-impl:10.0.1] AndroidManifest.xml:21:5-78
MERGED from [com.google.android.gms:play-services-nearby:10.0.1] AndroidManifest.xml:4:5-78
MERGED from [com.google.android.gms:play-services-tagmanager-api:10.0.1] AndroidManifest.xml:21:5-78
	android:name
		ADDED from src/main/AndroidManifest.xml:21:22-76
uses-permission#android.permission.RECORD_AUDIO
ADDED from src/main/AndroidManifest.xml:22:5-71
	android:name
		ADDED from src/main/AndroidManifest.xml:22:22-68
uses-permission#com.google.android.providers.gsf.permission.READ_GSERVICES
ADDED from src/main/AndroidManifest.xml:23:5-98
	android:name
		ADDED from src/main/AndroidManifest.xml:23:22-95
uses-feature#android.hardware.camera
ADDED from src/main/AndroidManifest.xml:25:5-85
	android:required
		ADDED from src/main/AndroidManifest.xml:25:58-82
	android:name
		ADDED from src/main/AndroidManifest.xml:25:19-57
uses-feature#0x00020000
ADDED from src/main/AndroidManifest.xml:26:5-28:35
MERGED from [com.google.android.gms:play-services-maps:10.0.1] AndroidManifest.xml:21:5-77
	android:glEsVersion
		ADDED from src/main/AndroidManifest.xml:27:9-41
	android:required
		ADDED from src/main/AndroidManifest.xml:28:9-32
application
ADDED from src/main/AndroidManifest.xml:30:5-152:19
MERGED from [EpiInfo:oAuthActivity:unspecified] AndroidManifest.xml:12:5-17:19
MERGED from [com.google.android.gms:play-services:10.0.1] AndroidManifest.xml:5:5-20
MERGED from [com.google.android.gms:play-services-ads-lite:10.0.1] AndroidManifest.xml:23:5-27:19
MERGED from [com.google.android.gms:play-services-basement:10.0.1] AndroidManifest.xml:19:5-21:19
MERGED from [com.android.support:support-v4:24.0.0] AndroidManifest.xml:25:5-20
MERGED from [com.google.android.gms:play-services-base:10.0.1] AndroidManifest.xml:18:5-20:19
MERGED from [com.google.android.gms:play-services-tasks:10.0.1] AndroidManifest.xml:4:5-19
MERGED from [com.google.android.gms:play-services-clearcut:10.0.1] AndroidManifest.xml:18:5-19
MERGED from [com.google.android.gms:play-services-gass:10.0.1] AndroidManifest.xml:4:5-19
MERGED from [com.google.android.gms:play-services-analytics:10.0.1] AndroidManifest.xml:26:5-19
MERGED from [com.google.android.gms:play-services-analytics-impl:10.0.1] AndroidManifest.xml:26:5-19
MERGED from [com.google.android.gms:play-services-tagmanager-v4-impl:10.0.1] AndroidManifest.xml:19:5-19
MERGED from [com.google.android.gms:play-services-appinvite:10.0.1] AndroidManifest.xml:19:5-26:19
MERGED from [com.google.android.gms:play-services-auth:10.0.1] AndroidManifest.xml:19:5-25:19
MERGED from [com.google.android.gms:play-services-cast-framework:10.0.1] AndroidManifest.xml:4:5-8:19
MERGED from [com.google.android.gms:play-services-cast:10.0.1] AndroidManifest.xml:18:5-19
MERGED from [com.android.support:mediarouter-v7:24.0.0] AndroidManifest.xml:22:5-20
MERGED from [com.android.support:palette-v7:24.0.0] AndroidManifest.xml:22:5-23:19
MERGED from [com.android.support:appcompat-v7:24.0.0] AndroidManifest.xml:25:5-20
MERGED from [com.android.support:support-vector-drawable:24.0.0] AndroidManifest.xml:23:5-20
MERGED from [com.android.support:animated-vector-drawable:24.0.0] AndroidManifest.xml:22:5-20
MERGED from [com.google.firebase:firebase-config:10.0.1] AndroidManifest.xml:18:5-19
MERGED from [com.google.firebase:firebase-iid:10.0.1] AndroidManifest.xml:28:5-50:19
MERGED from [com.google.firebase:firebase-common:10.0.1] AndroidManifest.xml:4:5-7:19
MERGED from [com.google.android.gms:play-services-awareness:10.0.1] AndroidManifest.xml:18:5-19
MERGED from [com.google.android.gms:play-services-location:10.0.1] AndroidManifest.xml:4:5-19
MERGED from [com.google.android.gms:play-services-places:10.0.1] AndroidManifest.xml:18:5-19
MERGED from [com.google.android.gms:play-services-maps:10.0.1] AndroidManifest.xml:24:5-19
MERGED from [com.google.firebase:firebase-crash:10.0.1] AndroidManifest.xml:22:5-23:19
MERGED from [com.google.firebase:firebase-analytics:10.0.1] AndroidManifest.xml:24:5-33:19
MERGED from [com.google.firebase:firebase-analytics-impl:10.0.1] AndroidManifest.xml:24:5-28:19
MERGED from [com.google.android.gms:play-services-drive:10.0.1] AndroidManifest.xml:18:5-19
MERGED from [com.google.firebase:firebase-auth:10.0.1] AndroidManifest.xml:19:5-20:19
MERGED from [com.google.firebase:firebase-messaging:10.0.1] AndroidManifest.xml:19:5-29:19
MERGED from [com.google.android.gms:play-services-fitness:10.0.1] AndroidManifest.xml:18:5-19
MERGED from [com.google.android.gms:play-services-games:10.0.1] AndroidManifest.xml:18:5-19
MERGED from [com.google.android.gms:play-services-gcm:10.0.1] AndroidManifest.xml:23:5-19
MERGED from [com.google.android.gms:play-services-iid:10.0.1] AndroidManifest.xml:23:5-19
MERGED from [com.google.firebase:firebase-appindexing:10.0.1] AndroidManifest.xml:18:5-19
MERGED from [com.google.android.gms:play-services-identity:10.0.1] AndroidManifest.xml:18:5-19
MERGED from [com.google.android.gms:play-services-nearby:10.0.1] AndroidManifest.xml:5:5-19
MERGED from [com.google.android.gms:play-services-panorama:10.0.1] AndroidManifest.xml:18:5-19
MERGED from [com.google.android.gms:play-services-plus:10.0.1] AndroidManifest.xml:18:5-19
MERGED from [com.google.android.gms:play-services-safetynet:10.0.1] AndroidManifest.xml:18:5-19
MERGED from [com.google.android.gms:play-services-tagmanager-api:10.0.1] AndroidManifest.xml:23:5-33:19
MERGED from [com.google.android.gms:play-services-vision:10.0.1] AndroidManifest.xml:4:5-19
MERGED from [com.google.android.gms:play-services-wearable:10.0.1] AndroidManifest.xml:18:5-19
	android:label
		ADDED from src/main/AndroidManifest.xml:33:9-33
	android:allowBackup
		ADDED from src/main/AndroidManifest.xml:31:9-36
	android:icon
		ADDED from src/main/AndroidManifest.xml:32:9-46
meta-data#com.google.android.gms.version
ADDED from src/main/AndroidManifest.xml:34:9-36:69
MERGED from [com.google.android.gms:play-services-basement:10.0.1] AndroidManifest.xml:20:9-121
	android:value
		ADDED from src/main/AndroidManifest.xml:36:13-66
	android:name
		ADDED from src/main/AndroidManifest.xml:35:13-58
meta-data#com.google.android.maps.v2.API_KEY
ADDED from src/main/AndroidManifest.xml:37:9-39:71
	android:value
		ADDED from src/main/AndroidManifest.xml:39:13-68
	android:name
		ADDED from src/main/AndroidManifest.xml:38:13-62
activity#gov.cdc.epiinfo.MainActivity
ADDED from src/main/AndroidManifest.xml:41:9-50:20
	android:label
		ADDED from src/main/AndroidManifest.xml:43:13-45
	android:theme
		ADDED from src/main/AndroidManifest.xml:44:13-44
	android:name
		ADDED from src/main/AndroidManifest.xml:42:13-56
intent-filter#android.intent.action.MAIN+android.intent.category.LAUNCHER
ADDED from src/main/AndroidManifest.xml:45:13-49:29
action#android.intent.action.MAIN
ADDED from src/main/AndroidManifest.xml:46:17-69
	android:name
		ADDED from src/main/AndroidManifest.xml:46:25-66
category#android.intent.category.LAUNCHER
ADDED from src/main/AndroidManifest.xml:48:17-77
	android:name
		ADDED from src/main/AndroidManifest.xml:48:27-74
activity#com.box.androidsdk.content.auth.OAuthActivity
ADDED from src/main/AndroidManifest.xml:52:9-55:39
MERGED from [EpiInfo:oAuthActivity:unspecified] AndroidManifest.xml:13:9-16:39
	android:exported
		ADDED from src/main/AndroidManifest.xml:55:13-36
	android:configChanges
		ADDED from src/main/AndroidManifest.xml:54:13-59
	android:name
		ADDED from src/main/AndroidManifest.xml:53:13-73
activity#gov.cdc.epiinfo.Launcher
ADDED from src/main/AndroidManifest.xml:57:9-69:20
	android:label
		ADDED from src/main/AndroidManifest.xml:59:13-45
	android:noHistory
		ADDED from src/main/AndroidManifest.xml:60:13-37
	android:name
		ADDED from src/main/AndroidManifest.xml:58:13-52
intent-filter#android.intent.action.VIEW+android.intent.category.DEFAULT
ADDED from src/main/AndroidManifest.xml:61:13-68:29
action#android.intent.action.VIEW
ADDED from src/main/AndroidManifest.xml:62:17-69
	android:name
		ADDED from src/main/AndroidManifest.xml:62:25-66
category#android.intent.category.DEFAULT
ADDED from src/main/AndroidManifest.xml:64:17-76
	android:name
		ADDED from src/main/AndroidManifest.xml:64:27-73
data
ADDED from src/main/AndroidManifest.xml:66:17-53
	android:mimeType
		ADDED from src/main/AndroidManifest.xml:66:23-50
activity#gov.cdc.epiinfo.AppSettings
ADDED from src/main/AndroidManifest.xml:71:9-74:47
	android:label
		ADDED from src/main/AndroidManifest.xml:73:13-50
	android:theme
		ADDED from src/main/AndroidManifest.xml:74:13-44
	android:name
		ADDED from src/main/AndroidManifest.xml:72:13-55
activity#gov.cdc.epiinfo.SplashScreen
ADDED from src/main/AndroidManifest.xml:75:9-78:69
	android:label
		ADDED from src/main/AndroidManifest.xml:77:13-45
	android:theme
		ADDED from src/main/AndroidManifest.xml:78:13-66
	android:name
		ADDED from src/main/AndroidManifest.xml:76:13-56
activity#gov.cdc.epiinfo.RecordList
ADDED from src/main/AndroidManifest.xml:79:9-84:57
	android:label
		ADDED from src/main/AndroidManifest.xml:81:13-36
	android:windowSoftInputMode
		ADDED from src/main/AndroidManifest.xml:84:13-54
	android:configChanges
		ADDED from src/main/AndroidManifest.xml:83:13-74
	android:theme
		ADDED from src/main/AndroidManifest.xml:82:13-44
	android:name
		ADDED from src/main/AndroidManifest.xml:80:13-54
activity#gov.cdc.epiinfo.RecordEditor
ADDED from src/main/AndroidManifest.xml:85:9-89:57
	android:label
		ADDED from src/main/AndroidManifest.xml:87:13-50
	android:windowSoftInputMode
		ADDED from src/main/AndroidManifest.xml:89:13-54
	android:theme
		ADDED from src/main/AndroidManifest.xml:88:13-44
	android:name
		ADDED from src/main/AndroidManifest.xml:86:13-56
activity#gov.cdc.epiinfo.Interviewer
ADDED from src/main/AndroidManifest.xml:90:9-94:57
	android:label
		ADDED from src/main/AndroidManifest.xml:92:13-48
	android:windowSoftInputMode
		ADDED from src/main/AndroidManifest.xml:94:13-54
	android:theme
		ADDED from src/main/AndroidManifest.xml:93:13-44
	android:name
		ADDED from src/main/AndroidManifest.xml:91:13-55
activity#gov.cdc.epiinfo.statcalc.StatCalcMain
ADDED from src/main/AndroidManifest.xml:95:9-99:20
	android:label
		ADDED from src/main/AndroidManifest.xml:97:13-37
	android:theme
		ADDED from src/main/AndroidManifest.xml:98:13-44
	android:name
		ADDED from src/main/AndroidManifest.xml:96:13-65
activity#gov.cdc.epiinfo.analysis.AnalysisMain
ADDED from src/main/AndroidManifest.xml:100:9-104:20
	android:label
		ADDED from src/main/AndroidManifest.xml:102:13-45
	android:theme
		ADDED from src/main/AndroidManifest.xml:103:13-44
	android:name
		ADDED from src/main/AndroidManifest.xml:101:13-65
activity#gov.cdc.epiinfo.statcalc.ChiSquareActivity
ADDED from src/main/AndroidManifest.xml:105:9-109:57
	android:label
		ADDED from src/main/AndroidManifest.xml:107:13-67
	android:windowSoftInputMode
		ADDED from src/main/AndroidManifest.xml:109:13-54
	android:theme
		ADDED from src/main/AndroidManifest.xml:108:13-44
	android:name
		ADDED from src/main/AndroidManifest.xml:106:13-70
activity#gov.cdc.epiinfo.statcalc.PoissonActivity
ADDED from src/main/AndroidManifest.xml:110:9-114:57
	android:label
		ADDED from src/main/AndroidManifest.xml:112:13-58
	android:windowSoftInputMode
		ADDED from src/main/AndroidManifest.xml:114:13-54
	android:theme
		ADDED from src/main/AndroidManifest.xml:113:13-44
	android:name
		ADDED from src/main/AndroidManifest.xml:111:13-68
activity#gov.cdc.epiinfo.statcalc.BinomialActivity
ADDED from src/main/AndroidManifest.xml:115:9-119:57
	android:label
		ADDED from src/main/AndroidManifest.xml:117:13-59
	android:windowSoftInputMode
		ADDED from src/main/AndroidManifest.xml:119:13-54
	android:theme
		ADDED from src/main/AndroidManifest.xml:118:13-44
	android:name
		ADDED from src/main/AndroidManifest.xml:116:13-69
activity#gov.cdc.epiinfo.statcalc.TwoByTwoActivity
ADDED from src/main/AndroidManifest.xml:120:9-124:57
	android:label
		ADDED from src/main/AndroidManifest.xml:122:13-50
	android:windowSoftInputMode
		ADDED from src/main/AndroidManifest.xml:124:13-54
	android:theme
		ADDED from src/main/AndroidManifest.xml:123:13-44
	android:name
		ADDED from src/main/AndroidManifest.xml:121:13-69
activity#gov.cdc.epiinfo.statcalc.MatchedPairActivity
ADDED from src/main/AndroidManifest.xml:125:9-129:57
	android:label
		ADDED from src/main/AndroidManifest.xml:127:13-58
	android:windowSoftInputMode
		ADDED from src/main/AndroidManifest.xml:129:13-54
	android:theme
		ADDED from src/main/AndroidManifest.xml:128:13-44
	android:name
		ADDED from src/main/AndroidManifest.xml:126:13-72
activity#gov.cdc.epiinfo.statcalc.UnmatchedActivity
ADDED from src/main/AndroidManifest.xml:130:9-134:57
	android:label
		ADDED from src/main/AndroidManifest.xml:132:13-62
	android:windowSoftInputMode
		ADDED from src/main/AndroidManifest.xml:134:13-54
	android:theme
		ADDED from src/main/AndroidManifest.xml:133:13-44
	android:name
		ADDED from src/main/AndroidManifest.xml:131:13-70
activity#gov.cdc.epiinfo.statcalc.PopulationSurveyActivity
ADDED from src/main/AndroidManifest.xml:135:9-139:57
	android:label
		ADDED from src/main/AndroidManifest.xml:137:13-57
	android:windowSoftInputMode
		ADDED from src/main/AndroidManifest.xml:139:13-54
	android:theme
		ADDED from src/main/AndroidManifest.xml:138:13-44
	android:name
		ADDED from src/main/AndroidManifest.xml:136:13-77
activity#gov.cdc.epiinfo.statcalc.CohortActivity
ADDED from src/main/AndroidManifest.xml:140:9-144:57
	android:label
		ADDED from src/main/AndroidManifest.xml:142:13-46
	android:windowSoftInputMode
		ADDED from src/main/AndroidManifest.xml:144:13-54
	android:theme
		ADDED from src/main/AndroidManifest.xml:143:13-44
	android:name
		ADDED from src/main/AndroidManifest.xml:141:13-67
activity#gov.cdc.epiinfo.analysis.MapViewer
ADDED from src/main/AndroidManifest.xml:145:9-147:42
	android:label
		ADDED from src/main/AndroidManifest.xml:147:13-39
	android:name
		ADDED from src/main/AndroidManifest.xml:146:13-62
activity#gov.cdc.epiinfo.CameraPreview
ADDED from src/main/AndroidManifest.xml:148:9-151:52
	android:screenOrientation
		ADDED from src/main/AndroidManifest.xml:151:13-49
	android:label
		ADDED from src/main/AndroidManifest.xml:150:13-35
	android:name
		ADDED from src/main/AndroidManifest.xml:149:13-57
activity#com.google.android.gms.ads.AdActivity
ADDED from [com.google.android.gms:play-services-ads-lite:10.0.1] AndroidManifest.xml:25:9-232
	android:configChanges
		ADDED from [com.google.android.gms:play-services-ads-lite:10.0.1] AndroidManifest.xml:25:72-181
	android:theme
		ADDED from [com.google.android.gms:play-services-ads-lite:10.0.1] AndroidManifest.xml:25:182-230
	android:name
		ADDED from [com.google.android.gms:play-services-ads-lite:10.0.1] AndroidManifest.xml:25:19-71
activity#com.google.android.gms.ads.purchase.InAppPurchaseActivity
ADDED from [com.google.android.gms:play-services-ads-lite:10.0.1] AndroidManifest.xml:26:9-131
	android:theme
		ADDED from [com.google.android.gms:play-services-ads-lite:10.0.1] AndroidManifest.xml:26:92-129
	android:name
		ADDED from [com.google.android.gms:play-services-ads-lite:10.0.1] AndroidManifest.xml:26:19-91
activity#com.google.android.gms.common.api.GoogleApiActivity
ADDED from [com.google.android.gms:play-services-base:10.0.1] AndroidManifest.xml:19:9-172
	android:exported
		ADDED from [com.google.android.gms:play-services-base:10.0.1] AndroidManifest.xml:19:146-170
	android:theme
		ADDED from [com.google.android.gms:play-services-base:10.0.1] AndroidManifest.xml:19:86-145
	android:name
		ADDED from [com.google.android.gms:play-services-base:10.0.1] AndroidManifest.xml:19:19-85
uses-permission#android.permission.WAKE_LOCK
ADDED from [com.google.android.gms:play-services-analytics:10.0.1] AndroidManifest.xml:24:5-67
MERGED from [com.google.android.gms:play-services-analytics-impl:10.0.1] AndroidManifest.xml:24:5-67
MERGED from [com.google.firebase:firebase-iid:10.0.1] AndroidManifest.xml:21:5-67
MERGED from [com.google.firebase:firebase-analytics:10.0.1] AndroidManifest.xml:22:5-67
MERGED from [com.google.firebase:firebase-analytics-impl:10.0.1] AndroidManifest.xml:22:5-67
	android:name
		ADDED from [com.google.android.gms:play-services-analytics:10.0.1] AndroidManifest.xml:24:22-65
activity#com.google.android.gms.appinvite.PreviewActivity
ADDED from [com.google.android.gms:play-services-appinvite:10.0.1] AndroidManifest.xml:20:9-25:20
	android:exported
		ADDED from [com.google.android.gms:play-services-appinvite:10.0.1] AndroidManifest.xml:20:51-74
	android:theme
		ADDED from [com.google.android.gms:play-services-appinvite:10.0.1] AndroidManifest.xml:20:75-121
	android:name
		ADDED from [com.google.android.gms:play-services-appinvite:10.0.1] AndroidManifest.xml:20:19-50
intent-filter#android.intent.category.DEFAULT+com.google.android.gms.appinvite.ACTION_PREVIEW
ADDED from [com.google.android.gms:play-services-appinvite:10.0.1] AndroidManifest.xml:21:13-24:29
action#com.google.android.gms.appinvite.ACTION_PREVIEW
ADDED from [com.google.android.gms:play-services-appinvite:10.0.1] AndroidManifest.xml:22:17-89
	android:name
		ADDED from [com.google.android.gms:play-services-appinvite:10.0.1] AndroidManifest.xml:22:25-87
activity#com.google.android.gms.auth.api.signin.internal.SignInHubActivity
ADDED from [com.google.android.gms:play-services-auth:10.0.1] AndroidManifest.xml:20:9-189
	android:excludeFromRecents
		ADDED from [com.google.android.gms:play-services-auth:10.0.1] AndroidManifest.xml:20:129-162
	android:exported
		ADDED from [com.google.android.gms:play-services-auth:10.0.1] AndroidManifest.xml:20:163-187
	android:theme
		ADDED from [com.google.android.gms:play-services-auth:10.0.1] AndroidManifest.xml:20:69-128
	android:name
		ADDED from [com.google.android.gms:play-services-auth:10.0.1] AndroidManifest.xml:20:19-68
service#com.google.android.gms.auth.api.signin.RevocationBoundService
ADDED from [com.google.android.gms:play-services-auth:10.0.1] AndroidManifest.xml:24:9-184
	android:exported
		ADDED from [com.google.android.gms:play-services-auth:10.0.1] AndroidManifest.xml:24:64-87
	android:permission
		ADDED from [com.google.android.gms:play-services-auth:10.0.1] AndroidManifest.xml:24:88-182
	android:name
		ADDED from [com.google.android.gms:play-services-auth:10.0.1] AndroidManifest.xml:24:18-63
receiver#com.google.android.gms.cast.framework.media.MediaIntentReceiver
ADDED from [com.google.android.gms:play-services-cast-framework:10.0.1] AndroidManifest.xml:5:9-99
	android:name
		ADDED from [com.google.android.gms:play-services-cast-framework:10.0.1] AndroidManifest.xml:5:19-97
service#com.google.android.gms.cast.framework.media.MediaNotificationService
ADDED from [com.google.android.gms:play-services-cast-framework:10.0.1] AndroidManifest.xml:6:9-103
	android:name
		ADDED from [com.google.android.gms:play-services-cast-framework:10.0.1] AndroidManifest.xml:6:18-101
service#com.google.android.gms.cast.framework.ReconnectionService
ADDED from [com.google.android.gms:play-services-cast-framework:10.0.1] AndroidManifest.xml:7:9-92
	android:name
		ADDED from [com.google.android.gms:play-services-cast-framework:10.0.1] AndroidManifest.xml:7:18-90
uses-permission#com.google.android.c2dm.permission.RECEIVE
ADDED from [com.google.firebase:firebase-iid:10.0.1] AndroidManifest.xml:22:5-81
MERGED from [com.google.android.gms:play-services-gcm:10.0.1] AndroidManifest.xml:20:5-81
MERGED from [com.google.android.gms:play-services-iid:10.0.1] AndroidManifest.xml:20:5-81
	android:name
		ADDED from [com.google.firebase:firebase-iid:10.0.1] AndroidManifest.xml:22:22-79
permission#${applicationId}.permission.C2D_MESSAGE
ADDED from [com.google.firebase:firebase-iid:10.0.1] AndroidManifest.xml:24:5-109
	android:protectionLevel
		ADDED from [com.google.firebase:firebase-iid:10.0.1] AndroidManifest.xml:24:72-107
	android:name
		ADDED from [com.google.firebase:firebase-iid:10.0.1] AndroidManifest.xml:24:17-71
uses-permission#${applicationId}.permission.C2D_MESSAGE
ADDED from [com.google.firebase:firebase-iid:10.0.1] AndroidManifest.xml:26:5-78
	android:name
		ADDED from [com.google.firebase:firebase-iid:10.0.1] AndroidManifest.xml:26:22-76
receiver#com.google.firebase.iid.FirebaseInstanceIdReceiver
ADDED from [com.google.firebase:firebase-iid:10.0.1] AndroidManifest.xml:30:9-36:20
	android:exported
		ADDED from [com.google.firebase:firebase-iid:10.0.1] AndroidManifest.xml:30:85-108
	android:permission
		ADDED from [com.google.firebase:firebase-iid:10.0.1] AndroidManifest.xml:30:109-169
	android:name